[debug] [2021-01-12T20:15:13.771Z] ----------------------------------------------------------------------
[debug] [2021-01-12T20:15:13.774Z] Command:       C:\Program Files\nodejs\node.exe C:\Users\PC\AppData\Roaming\npm\node_modules\firebase-tools\lib\bin\firebase.js init
[debug] [2021-01-12T20:15:13.775Z] CLI Version:   9.2.0
[debug] [2021-01-12T20:15:13.775Z] Platform:      win32
[debug] [2021-01-12T20:15:13.775Z] Node Version:  v15.2.1
[debug] [2021-01-12T20:15:13.777Z] Time:          Wed Jan 13 2021 01:45:13 GMT+0530 (India Standard Time)
[debug] [2021-01-12T20:15:13.777Z] ----------------------------------------------------------------------
[debug] [2021-01-12T20:15:13.777Z] 
[debug] [2021-01-12T20:15:13.785Z] > command requires scopes: ["email","openid","https://www.googleapis.com/auth/cloudplatformprojects.readonly","https://www.googleapis.com/auth/firebase","https://www.googleapis.com/auth/cloud-platform"]
[debug] [2021-01-12T20:15:13.786Z] > authorizing via signed-in user
[info] 
     ######## #### ########  ######## ########     ###     ######  ########
     ##        ##  ##     ## ##       ##     ##  ##   ##  ##       ##
     ######    ##  ########  ######   ########  #########  ######  ######
     ##        ##  ##    ##  ##       ##     ## ##     ##       ## ##
     ##       #### ##     ## ######## ########  ##     ##  ######  ########

You're about to initialize a Firebase project in this directory:

  C:\Users\PC\angular-node-express-api

[info] 
=== Project Setup
[info] 
[info] First, let's associate this project directory with a Firebase project.
[info] You can create multiple project aliases by running firebase use --add, 
[info] but for now we'll just set up a default project.
[info] 
[info] i  If you want to create a project in a Google Cloud organization or folder, please use "firebase projects:create" instead, and return to this command when you've created the project. 
[debug] [2021-01-12T20:17:53.656Z] > refreshing access token with scopes: ["email","https://www.googleapis.com/auth/cloud-platform","https://www.googleapis.com/auth/cloudplatformprojects.readonly","https://www.googleapis.com/auth/firebase","openid"]
[debug] [2021-01-12T20:17:53.657Z] >>> HTTP REQUEST POST https://www.googleapis.com/oauth2/v3/token  
 <request body omitted>
[debug] [2021-01-12T20:17:53.868Z] <<< HTTP RESPONSE 200 {"expires":"Mon, 01 Jan 1990 00:00:00 GMT","date":"Tue, 12 Jan 2021 20:17:53 GMT","cache-control":"no-cache, no-store, max-age=0, must-revalidate","pragma":"no-cache","content-type":"application/json; charset=utf-8","vary":"X-Origin, Referer, Origin,Accept-Encoding","server":"scaffolding on HTTPServer2","x-xss-protection":"0","x-frame-options":"SAMEORIGIN","x-content-type-options":"nosniff","alt-svc":"h3-29=\":443\"; ma=2592000,h3-T051=\":443\"; ma=2592000,h3-Q050=\":443\"; ma=2592000,h3-Q046=\":443\"; ma=2592000,h3-Q043=\":443\"; ma=2592000,quic=\":443\"; ma=2592000; v=\"46,43\"","accept-ranges":"none","transfer-encoding":"chunked"}
[debug] [2021-01-12T20:17:53.891Z] >>> HTTP REQUEST POST https://cloudresourcemanager.googleapis.com/v1/projects  
 {"projectId":"express-tes","name":"express-test"}
[debug] [2021-01-12T20:18:09.060Z] FirebaseError: Server Error. ETIMEDOUT
    at Request._callback (C:\Users\PC\AppData\Roaming\npm\node_modules\firebase-tools\lib\api.js:32:31)
    at self.callback (C:\Users\PC\AppData\Roaming\npm\node_modules\firebase-tools\node_modules\request\request.js:185:22)
    at Request.emit (node:events:329:20)
    at Request.EventEmitter.emit (node:domain:467:12)
    at Timeout.<anonymous> (C:\Users\PC\AppData\Roaming\npm\node_modules\firebase-tools\node_modules\request\request.js:851:16)
    at listOnTimeout (node:internal/timers:556:17)
    at processTimers (node:internal/timers:499:7)
[error] 
[error] Error: Failed to create project. See firebase-debug.log for more info.
[debug] [2021-01-12T20:18:31.670Z] ----------------------------------------------------------------------
[debug] [2021-01-12T20:18:31.673Z] Command:       C:\Program Files\nodejs\node.exe C:\Users\PC\AppData\Roaming\npm\node_modules\firebase-tools\lib\bin\firebase.js init
[debug] [2021-01-12T20:18:31.674Z] CLI Version:   9.2.0
[debug] [2021-01-12T20:18:31.674Z] Platform:      win32
[debug] [2021-01-12T20:18:31.674Z] Node Version:  v15.2.1
[debug] [2021-01-12T20:18:31.676Z] Time:          Wed Jan 13 2021 01:48:31 GMT+0530 (India Standard Time)
[debug] [2021-01-12T20:18:31.676Z] ----------------------------------------------------------------------
[debug] [2021-01-12T20:18:31.676Z] 
[debug] [2021-01-12T20:18:31.685Z] > command requires scopes: ["email","openid","https://www.googleapis.com/auth/cloudplatformprojects.readonly","https://www.googleapis.com/auth/firebase","https://www.googleapis.com/auth/cloud-platform"]
[debug] [2021-01-12T20:18:31.686Z] > authorizing via signed-in user
[info] 
     ######## #### ########  ######## ########     ###     ######  ########
     ##        ##  ##     ## ##       ##     ##  ##   ##  ##       ##
     ######    ##  ########  ######   ########  #########  ######  ######
     ##        ##  ##    ##  ##       ##     ## ##     ##       ## ##
     ##       #### ##     ## ######## ########  ##     ##  ######  ########

You're about to initialize a Firebase project in this directory:

  C:\Users\PC\angular-node-express-api

[info] 
=== Project Setup
[info] 
[info] First, let's associate this project directory with a Firebase project.
[info] You can create multiple project aliases by running firebase use --add, 
[info] but for now we'll just set up a default project.
[info] 
[info] i  If you want to create a project in a Google Cloud organization or folder, please use "firebase projects:create" instead, and return to this command when you've created the project. 
[debug] [2021-01-12T20:19:21.431Z] >>> HTTP REQUEST POST https://cloudresourcemanager.googleapis.com/v1/projects  
 {"projectId":"expresstest","name":"expresstest"}
[debug] [2021-01-12T20:19:36.665Z] FirebaseError: Server Error. ETIMEDOUT
    at Request._callback (C:\Users\PC\AppData\Roaming\npm\node_modules\firebase-tools\lib\api.js:32:31)
    at self.callback (C:\Users\PC\AppData\Roaming\npm\node_modules\firebase-tools\node_modules\request\request.js:185:22)
    at Request.emit (node:events:329:20)
    at Request.EventEmitter.emit (node:domain:467:12)
    at Timeout.<anonymous> (C:\Users\PC\AppData\Roaming\npm\node_modules\firebase-tools\node_modules\request\request.js:851:16)
    at listOnTimeout (node:internal/timers:556:17)
    at processTimers (node:internal/timers:499:7)
[error] 
[error] Error: Failed to create project. See firebase-debug.log for more info.
